{"meta": {"format": 3, "version": "7.10.7", "timestamp": "2025-12-31T17:35:32.058216", "branch_coverage": false, "show_contexts": false}, "files": {"src/__init__.py": {"executed_lines": [1], "summary": {"covered_lines": 0, "num_statements": 0, "percent_covered": 100.0, "percent_covered_display": "100", "missing_lines": 0, "excluded_lines": 0}, "missing_lines": [], "excluded_lines": [], "functions": {"": {"executed_lines": [1], "summary": {"covered_lines": 0, "num_statements": 0, "percent_covered": 100.0, "percent_covered_display": "100", "missing_lines": 0, "excluded_lines": 0}, "missing_lines": [], "excluded_lines": []}}, "classes": {"": {"executed_lines": [1], "summary": {"covered_lines": 0, "num_statements": 0, "percent_covered": 100.0, "percent_covered_display": "100", "missing_lines": 0, "excluded_lines": 0}, "missing_lines": [], "excluded_lines": []}}}, "src/api/__init__.py": {"executed_lines": [1], "summary": {"covered_lines": 0, "num_statements": 0, "percent_covered": 100.0, "percent_covered_display": "100", "missing_lines": 0, "excluded_lines": 0}, "missing_lines": [], "excluded_lines": [], "functions": {"": {"executed_lines": [1], "summary": {"covered_lines": 0, "num_statements": 0, "percent_covered": 100.0, "percent_covered_display": "100", "missing_lines": 0, "excluded_lines": 0}, "missing_lines": [], "excluded_lines": []}}, "classes": {"": {"executed_lines": [1], "summary": {"covered_lines": 0, "num_statements": 0, "percent_covered": 100.0, "percent_covered_display": "100", "missing_lines": 0, "excluded_lines": 0}, "missing_lines": [], "excluded_lines": []}}}, "src/api/models/__init__.py": {"executed_lines": [1], "summary": {"covered_lines": 0, "num_statements": 0, "percent_covered": 100.0, "percent_covered_display": "100", "missing_lines": 0, "excluded_lines": 0}, "missing_lines": [], "excluded_lines": [], "functions": {"": {"executed_lines": [1], "summary": {"covered_lines": 0, "num_statements": 0, "percent_covered": 100.0, "percent_covered_display": "100", "missing_lines": 0, "excluded_lines": 0}, "missing_lines": [], "excluded_lines": []}}, "classes": {"": {"executed_lines": [1], "summary": {"covered_lines": 0, "num_statements": 0, "percent_covered": 100.0, "percent_covered_display": "100", "missing_lines": 0, "excluded_lines": 0}, "missing_lines": [], "excluded_lines": []}}}, "src/api/models/payment.py": {"executed_lines": [1, 4, 5, 6, 7, 10, 11, 12, 13, 14, 15, 18, 19, 20, 21, 22, 23, 24, 25, 26, 27, 28, 29, 30, 32, 33, 36, 37, 38, 39, 42, 43, 44, 45, 46, 47, 50, 51, 52, 53, 54], "summary": {"covered_lines": 35, "num_statements": 35, "percent_covered": 100.0, "percent_covered_display": "100", "missing_lines": 0, "excluded_lines": 0}, "missing_lines": [], "excluded_lines": [], "functions": {"": {"executed_lines": [1, 4, 5, 6, 7, 10, 11, 12, 13, 14, 15, 18, 19, 20, 21, 22, 23, 24, 25, 26, 27, 28, 29, 30, 32, 33, 36, 37, 38, 39, 42, 43, 44, 45, 46, 47, 50, 51, 52, 53, 54], "summary": {"covered_lines": 35, "num_statements": 35, "percent_covered": 100.0, "percent_covered_display": "100", "missing_lines": 0, "excluded_lines": 0}, "missing_lines": [], "excluded_lines": []}}, "classes": {"PaymentStatus": {"executed_lines": [], "summary": {"covered_lines": 0, "num_statements": 0, "percent_covered": 100.0, "percent_covered_display": "100", "missing_lines": 0, "excluded_lines": 0}, "missing_lines": [], "excluded_lines": []}, "Payment": {"executed_lines": [], "summary": {"covered_lines": 0, "num_statements": 0, "percent_covered": 100.0, "percent_covered_display": "100", "missing_lines": 0, "excluded_lines": 0}, "missing_lines": [], "excluded_lines": []}, "Payment.Config": {"executed_lines": [], "summary": {"covered_lines": 0, "num_statements": 0, "percent_covered": 100.0, "percent_covered_display": "100", "missing_lines": 0, "excluded_lines": 0}, "missing_lines": [], "excluded_lines": []}, "CreateCheckoutRequest": {"executed_lines": [], "summary": {"covered_lines": 0, "num_statements": 0, "percent_covered": 100.0, "percent_covered_display": "100", "missing_lines": 0, "excluded_lines": 0}, "missing_lines": [], "excluded_lines": []}, "CreateCheckoutResponse": {"executed_lines": [], "summary": {"covered_lines": 0, "num_statements": 0, "percent_covered": 100.0, "percent_covered_display": "100", "missing_lines": 0, "excluded_lines": 0}, "missing_lines": [], "excluded_lines": []}, "PaymentIntentStatus": {"executed_lines": [], "summary": {"covered_lines": 0, "num_statements": 0, "percent_covered": 100.0, "percent_covered_display": "100", "missing_lines": 0, "excluded_lines": 0}, "missing_lines": [], "excluded_lines": []}, "": {"executed_lines": [1, 4, 5, 6, 7, 10, 11, 12, 13, 14, 15, 18, 19, 20, 21, 22, 23, 24, 25, 26, 27, 28, 29, 30, 32, 33, 36, 37, 38, 39, 42, 43, 44, 45, 46, 47, 50, 51, 52, 53, 54], "summary": {"covered_lines": 35, "num_statements": 35, "percent_covered": 100.0, "percent_covered_display": "100", "missing_lines": 0, "excluded_lines": 0}, "missing_lines": [], "excluded_lines": []}}}, "src/api/models/report.py": {"executed_lines": [1, 4, 5, 6, 7, 10, 11, 12, 13, 14, 15, 16, 19, 20, 21, 22, 23, 24, 28, 42, 43, 44, 45, 46, 48, 49, 50, 53, 54, 57, 58, 59, 63, 66, 67, 68, 69, 70, 71, 72, 74, 75, 76, 82, 87, 88, 89, 95, 97, 98, 99, 101, 106, 109, 110, 111, 112, 113, 114, 115, 116, 117, 118, 119, 120, 122, 123, 126, 127, 128, 131, 132, 133, 134, 135, 137, 138, 139, 140, 143, 144, 145, 146, 147, 148, 149], "summary": {"covered_lines": 77, "num_statements": 80, "percent_covered": 96.25, "percent_covered_display": "96", "missing_lines": 3, "excluded_lines": 0}, "missing_lines": [83, 90, 102], "excluded_lines": [], "functions": {"ReportSection.validate_citations": {"executed_lines": [53, 54, 57, 58, 59, 63], "summary": {"covered_lines": 6, "num_statements": 6, "percent_covered": 100.0, "percent_covered_display": "100", "missing_lines": 0, "excluded_lines": 0}, "missing_lines": [], "excluded_lines": []}, "ReportContent.validate_sections": {"executed_lines": [82, 87, 88, 89, 95], "summary": {"covered_lines": 5, "num_statements": 7, "percent_covered": 71.42857142857143, "percent_covered_display": "71", "missing_lines": 2, "excluded_lines": 0}, "missing_lines": [83, 90], "excluded_lines": []}, "ReportContent.validate_total_citations": {"executed_lines": [101, 106], "summary": {"covered_lines": 2, "num_statements": 3, "percent_covered": 66.66666666666667, "percent_covered_display": "67", "missing_lines": 1, "excluded_lines": 0}, "missing_lines": [102], "excluded_lines": []}, "": {"executed_lines": [1, 4, 5, 6, 7, 10, 11, 12, 13, 14, 15, 16, 19, 20, 21, 22, 23, 24, 28, 42, 43, 44, 45, 46, 48, 49, 50, 66, 67, 68, 69, 70, 71, 72, 74, 75, 76, 97, 98, 99, 109, 110, 111, 112, 113, 114, 115, 116, 117, 118, 119, 120, 122, 123, 126, 127, 128, 131, 132, 133, 134, 135, 137, 138, 139, 140, 143, 144, 145, 146, 147, 148, 149], "summary": {"covered_lines": 64, "num_statements": 64, "percent_covered": 100.0, "percent_covered_display": "100", "missing_lines": 0, "excluded_lines": 0}, "missing_lines": [], "excluded_lines": []}}, "classes": {"ReportStatus": {"executed_lines": [], "summary": {"covered_lines": 0, "num_statements": 0, "percent_covered": 100.0, "percent_covered_display": "100", "missing_lines": 0, "excluded_lines": 0}, "missing_lines": [], "excluded_lines": []}, "Citation": {"executed_lines": [], "summary": {"covered_lines": 0, "num_statements": 0, "percent_covered": 100.0, "percent_covered_display": "100", "missing_lines": 0, "excluded_lines": 0}, "missing_lines": [], "excluded_lines": []}, "ReportSection": {"executed_lines": [53, 54, 57, 58, 59, 63], "summary": {"covered_lines": 6, "num_statements": 6, "percent_covered": 100.0, "percent_covered_display": "100", "missing_lines": 0, "excluded_lines": 0}, "missing_lines": [], "excluded_lines": []}, "ReportContent": {"executed_lines": [82, 87, 88, 89, 95, 101, 106], "summary": {"covered_lines": 7, "num_statements": 10, "percent_covered": 70.0, "percent_covered_display": "70", "missing_lines": 3, "excluded_lines": 0}, "missing_lines": [83, 90, 102], "excluded_lines": []}, "Report": {"executed_lines": [], "summary": {"covered_lines": 0, "num_statements": 0, "percent_covered": 100.0, "percent_covered_display": "100", "missing_lines": 0, "excluded_lines": 0}, "missing_lines": [], "excluded_lines": []}, "Report.Config": {"executed_lines": [], "summary": {"covered_lines": 0, "num_statements": 0, "percent_covered": 100.0, "percent_covered_display": "100", "missing_lines": 0, "excluded_lines": 0}, "missing_lines": [], "excluded_lines": []}, "CreateReportRequest": {"executed_lines": [], "summary": {"covered_lines": 0, "num_statements": 0, "percent_covered": 100.0, "percent_covered_display": "100", "missing_lines": 0, "excluded_lines": 0}, "missing_lines": [], "excluded_lines": []}, "CreateReportResponse": {"executed_lines": [], "summary": {"covered_lines": 0, "num_statements": 0, "percent_covered": 100.0, "percent_covered_display": "100", "missing_lines": 0, "excluded_lines": 0}, "missing_lines": [], "excluded_lines": []}, "ReportListItem": {"executed_lines": [], "summary": {"covered_lines": 0, "num_statements": 0, "percent_covered": 100.0, "percent_covered_display": "100", "missing_lines": 0, "excluded_lines": 0}, "missing_lines": [], "excluded_lines": []}, "": {"executed_lines": [1, 4, 5, 6, 7, 10, 11, 12, 13, 14, 15, 16, 19, 20, 21, 22, 23, 24, 28, 42, 43, 44, 45, 46, 48, 49, 50, 66, 67, 68, 69, 70, 71, 72, 74, 75, 76, 97, 98, 99, 109, 110, 111, 112, 113, 114, 115, 116, 117, 118, 119, 120, 122, 123, 126, 127, 128, 131, 132, 133, 134, 135, 137, 138, 139, 140, 143, 144, 145, 146, 147, 148, 149], "summary": {"covered_lines": 64, "num_statements": 64, "percent_covered": 100.0, "percent_covered_display": "100", "missing_lines": 0, "excluded_lines": 0}, "missing_lines": [], "excluded_lines": []}}}, "src/api/models/user.py": {"executed_lines": [], "summary": {"covered_lines": 0, "num_statements": 31, "percent_covered": 0.0, "percent_covered_display": "0", "missing_lines": 31, "excluded_lines": 0}, "missing_lines": [4, 5, 6, 9, 11, 12, 13, 14, 15, 16, 17, 18, 19, 20, 21, 23, 24, 27, 29, 30, 31, 32, 33, 34, 35, 38, 40, 41, 42, 43, 44], "excluded_lines": [], "functions": {"": {"executed_lines": [], "summary": {"covered_lines": 0, "num_statements": 31, "percent_covered": 0.0, "percent_covered_display": "0", "missing_lines": 31, "excluded_lines": 0}, "missing_lines": [4, 5, 6, 9, 11, 12, 13, 14, 15, 16, 17, 18, 19, 20, 21, 23, 24, 27, 29, 30, 31, 32, 33, 34, 35, 38, 40, 41, 42, 43, 44], "excluded_lines": []}}, "classes": {"User": {"executed_lines": [], "summary": {"covered_lines": 0, "num_statements": 0, "percent_covered": 100.0, "percent_covered_display": "100", "missing_lines": 0, "excluded_lines": 0}, "missing_lines": [], "excluded_lines": []}, "User.Config": {"executed_lines": [], "summary": {"covered_lines": 0, "num_statements": 0, "percent_covered": 100.0, "percent_covered_display": "100", "missing_lines": 0, "excluded_lines": 0}, "missing_lines": [], "excluded_lines": []}, "UserCreate": {"executed_lines": [], "summary": {"covered_lines": 0, "num_statements": 0, "percent_covered": 100.0, "percent_covered_display": "100", "missing_lines": 0, "excluded_lines": 0}, "missing_lines": [], "excluded_lines": []}, "UserProfile": {"executed_lines": [], "summary": {"covered_lines": 0, "num_statements": 0, "percent_covered": 100.0, "percent_covered_display": "100", "missing_lines": 0, "excluded_lines": 0}, "missing_lines": [], "excluded_lines": []}, "": {"executed_lines": [], "summary": {"covered_lines": 0, "num_statements": 31, "percent_covered": 0.0, "percent_covered_display": "0", "missing_lines": 31, "excluded_lines": 0}, "missing_lines": [4, 5, 6, 9, 11, 12, 13, 14, 15, 16, 17, 18, 19, 20, 21, 23, 24, 27, 29, 30, 31, 32, 33, 34, 35, 38, 40, 41, 42, 43, 44], "excluded_lines": []}}}, "src/api/routes/__init__.py": {"executed_lines": [1], "summary": {"covered_lines": 0, "num_statements": 0, "percent_covered": 100.0, "percent_covered_display": "100", "missing_lines": 0, "excluded_lines": 0}, "missing_lines": [], "excluded_lines": [], "functions": {"": {"executed_lines": [1], "summary": {"covered_lines": 0, "num_statements": 0, "percent_covered": 100.0, "percent_covered_display": "100", "missing_lines": 0, "excluded_lines": 0}, "missing_lines": [], "excluded_lines": []}}, "classes": {"": {"executed_lines": [1], "summary": {"covered_lines": 0, "num_statements": 0, "percent_covered": 100.0, "percent_covered_display": "100", "missing_lines": 0, "excluded_lines": 0}, "missing_lines": [], "excluded_lines": []}}}, "src/api/routes/health.py": {"executed_lines": [1, 4, 5, 6, 7, 9, 12, 13, 14, 15, 16, 19, 20, 21, 22, 23, 24, 27, 28, 38], "summary": {"covered_lines": 17, "num_statements": 17, "percent_covered": 100.0, "percent_covered_display": "100", "missing_lines": 0, "excluded_lines": 0}, "missing_lines": [], "excluded_lines": [], "functions": {"health_check": {"executed_lines": [38], "summary": {"covered_lines": 1, "num_statements": 1, "percent_covered": 100.0, "percent_covered_display": "100", "missing_lines": 0, "excluded_lines": 0}, "missing_lines": [], "excluded_lines": []}, "": {"executed_lines": [1, 4, 5, 6, 7, 9, 12, 13, 14, 15, 16, 19, 20, 21, 22, 23, 24, 27, 28], "summary": {"covered_lines": 16, "num_statements": 16, "percent_covered": 100.0, "percent_covered_display": "100", "missing_lines": 0, "excluded_lines": 0}, "missing_lines": [], "excluded_lines": []}}, "classes": {"ServiceStatus": {"executed_lines": [], "summary": {"covered_lines": 0, "num_statements": 0, "percent_covered": 100.0, "percent_covered_display": "100", "missing_lines": 0, "excluded_lines": 0}, "missing_lines": [], "excluded_lines": []}, "HealthResponse": {"executed_lines": [], "summary": {"covered_lines": 0, "num_statements": 0, "percent_covered": 100.0, "percent_covered_display": "100", "missing_lines": 0, "excluded_lines": 0}, "missing_lines": [], "excluded_lines": []}, "": {"executed_lines": [1, 4, 5, 6, 7, 9, 12, 13, 14, 15, 16, 19, 20, 21, 22, 23, 24, 27, 28, 38], "summary": {"covered_lines": 17, "num_statements": 17, "percent_covered": 100.0, "percent_covered_display": "100", "missing_lines": 0, "excluded_lines": 0}, "missing_lines": [], "excluded_lines": []}}}, "src/api/routes/reports.py": {"executed_lines": [1, 5, 6, 7, 13, 14, 20, 22, 25, 26, 41, 43, 61, 63, 64, 67, 68, 76, 84, 85, 92, 96, 97, 105], "summary": {"covered_lines": 23, "num_statements": 33, "percent_covered": 69.6969696969697, "percent_covered_display": "70", "missing_lines": 10, "excluded_lines": 0}, "missing_lines": [46, 53, 62, 78, 79, 81, 93, 107, 108, 110], "excluded_lines": [], "functions": {"initiate_report": {"executed_lines": [41, 43, 61, 63, 64], "summary": {"covered_lines": 5, "num_statements": 8, "percent_covered": 62.5, "percent_covered_display": "62", "missing_lines": 3, "excluded_lines": 0}, "missing_lines": [46, 53, 62], "excluded_lines": []}, "get_report_by_id": {"executed_lines": [76], "summary": {"covered_lines": 1, "num_statements": 4, "percent_covered": 25.0, "percent_covered_display": "25", "missing_lines": 3, "excluded_lines": 0}, "missing_lines": [78, 79, 81], "excluded_lines": []}, "list_reports": {"executed_lines": [92], "summary": {"covered_lines": 1, "num_statements": 2, "percent_covered": 50.0, "percent_covered_display": "50", "missing_lines": 1, "excluded_lines": 0}, "missing_lines": [93], "excluded_lines": []}, "delete_report": {"executed_lines": [105], "summary": {"covered_lines": 1, "num_statements": 4, "percent_covered": 25.0, "percent_covered_display": "25", "missing_lines": 3, "excluded_lines": 0}, "missing_lines": [107, 108, 110], "excluded_lines": []}, "": {"executed_lines": [1, 5, 6, 7, 13, 14, 20, 22, 25, 26, 67, 68, 84, 85, 96, 97], "summary": {"covered_lines": 15, "num_statements": 15, "percent_covered": 100.0, "percent_covered_display": "100", "missing_lines": 0, "excluded_lines": 0}, "missing_lines": [], "excluded_lines": []}}, "classes": {"": {"executed_lines": [1, 5, 6, 7, 13, 14, 20, 22, 25, 26, 41, 43, 61, 63, 64, 67, 68, 76, 84, 85, 92, 96, 97, 105], "summary": {"covered_lines": 23, "num_statements": 33, "percent_covered": 69.6969696969697, "percent_covered_display": "70", "missing_lines": 10, "excluded_lines": 0}, "missing_lines": [46, 53, 62, 78, 79, 81, 93, 107, 108, 110], "excluded_lines": []}}}, "src/api/routes/stream.py": {"executed_lines": [1, 5, 6, 7, 8, 9, 10, 11, 12, 14, 15, 18, 19], "summary": {"covered_lines": 12, "num_statements": 42, "percent_covered": 28.571428571428573, "percent_covered_display": "29", "missing_lines": 30, "excluded_lines": 0}, "missing_lines": [37, 39, 40, 41, 44, 45, 50, 52, 54, 57, 60, 61, 62, 64, 65, 67, 70, 73, 76, 78, 79, 80, 81, 84, 86, 97, 98, 99, 100, 101], "excluded_lines": [], "functions": {"stream_report_generation": {"executed_lines": [], "summary": {"covered_lines": 0, "num_statements": 13, "percent_covered": 0.0, "percent_covered_display": "0", "missing_lines": 13, "excluded_lines": 0}, "missing_lines": [37, 39, 40, 41, 44, 45, 50, 86, 97, 98, 99, 100, 101], "excluded_lines": []}, "stream_report_generation.event_generator": {"executed_lines": [], "summary": {"covered_lines": 0, "num_statements": 17, "percent_covered": 0.0, "percent_covered_display": "0", "missing_lines": 17, "excluded_lines": 0}, "missing_lines": [52, 54, 57, 60, 61, 62, 64, 65, 67, 70, 73, 76, 78, 79, 80, 81, 84], "excluded_lines": []}, "": {"executed_lines": [1, 5, 6, 7, 8, 9, 10, 11, 12, 14, 15, 18, 19], "summary": {"covered_lines": 12, "num_statements": 12, "percent_covered": 100.0, "percent_covered_display": "100", "missing_lines": 0, "excluded_lines": 0}, "missing_lines": [], "excluded_lines": []}}, "classes": {"": {"executed_lines": [1, 5, 6, 7, 8, 9, 10, 11, 12, 14, 15, 18, 19], "summary": {"covered_lines": 12, "num_statements": 42, "percent_covered": 28.571428571428573, "percent_covered_display": "29", "missing_lines": 30, "excluded_lines": 0}, "missing_lines": [37, 39, 40, 41, 44, 45, 50, 52, 54, 57, 60, 61, 62, 64, 65, 67, 70, 73, 76, 78, 79, 80, 81, 84, 86, 97, 98, 99, 100, 101], "excluded_lines": []}}}, "src/api/routes/webhooks.py": {"executed_lines": [1, 5, 6, 7, 8, 13, 14, 16, 17, 20, 21, 33, 34, 36, 38, 41, 67, 68, 69, 72, 104, 121], "summary": {"covered_lines": 21, "num_statements": 53, "percent_covered": 39.62264150943396, "percent_covered_display": "40", "missing_lines": 32, "excluded_lines": 0}, "missing_lines": [43, 50, 51, 53, 54, 56, 57, 59, 60, 63, 65, 77, 79, 82, 87, 88, 89, 92, 93, 94, 95, 96, 109, 110, 112, 114, 126, 128, 129, 130, 132, 134], "excluded_lines": [], "functions": {"stripe_webhook": {"executed_lines": [33, 34, 36, 38, 41, 67, 68, 69], "summary": {"covered_lines": 8, "num_statements": 19, "percent_covered": 42.10526315789474, "percent_covered_display": "42", "missing_lines": 11, "excluded_lines": 0}, "missing_lines": [43, 50, 51, 53, 54, 56, 57, 59, 60, 63, 65], "excluded_lines": []}, "handle_payment_succeeded": {"executed_lines": [], "summary": {"covered_lines": 0, "num_statements": 11, "percent_covered": 0.0, "percent_covered_display": "0", "missing_lines": 11, "excluded_lines": 0}, "missing_lines": [77, 79, 82, 87, 88, 89, 92, 93, 94, 95, 96], "excluded_lines": []}, "handle_payment_failed": {"executed_lines": [], "summary": {"covered_lines": 0, "num_statements": 4, "percent_covered": 0.0, "percent_covered_display": "0", "missing_lines": 4, "excluded_lines": 0}, "missing_lines": [109, 110, 112, 114], "excluded_lines": []}, "handle_charge_refunded": {"executed_lines": [], "summary": {"covered_lines": 0, "num_statements": 6, "percent_covered": 0.0, "percent_covered_display": "0", "missing_lines": 6, "excluded_lines": 0}, "missing_lines": [126, 128, 129, 130, 132, 134], "excluded_lines": []}, "": {"executed_lines": [1, 5, 6, 7, 8, 13, 14, 16, 17, 20, 21, 72, 104, 121], "summary": {"covered_lines": 13, "num_statements": 13, "percent_covered": 100.0, "percent_covered_display": "100", "missing_lines": 0, "excluded_lines": 0}, "missing_lines": [], "excluded_lines": []}}, "classes": {"": {"executed_lines": [1, 5, 6, 7, 8, 13, 14, 16, 17, 20, 21, 33, 34, 36, 38, 41, 67, 68, 69, 72, 104, 121], "summary": {"covered_lines": 21, "num_statements": 53, "percent_covered": 39.62264150943396, "percent_covered_display": "40", "missing_lines": 32, "excluded_lines": 0}, "missing_lines": [43, 50, 51, 53, 54, 56, 57, 59, 60, 63, 65, 77, 79, 82, 87, 88, 89, 92, 93, 94, 95, 96, 109, 110, 112, 114, 126, 128, 129, 130, 132, 134], "excluded_lines": []}}}, "src/api/services/__init__.py": {"executed_lines": [1], "summary": {"covered_lines": 0, "num_statements": 0, "percent_covered": 100.0, "percent_covered_display": "100", "missing_lines": 0, "excluded_lines": 0}, "missing_lines": [], "excluded_lines": [], "functions": {"": {"executed_lines": [1], "summary": {"covered_lines": 0, "num_statements": 0, "percent_covered": 100.0, "percent_covered_display": "100", "missing_lines": 0, "excluded_lines": 0}, "missing_lines": [], "excluded_lines": []}}, "classes": {"": {"executed_lines": [1], "summary": {"covered_lines": 0, "num_statements": 0, "percent_covered": 100.0, "percent_covered_display": "100", "missing_lines": 0, "excluded_lines": 0}, "missing_lines": [], "excluded_lines": []}}}, "src/api/services/ai_service.py": {"executed_lines": [1, 5, 6, 7, 8, 9, 10, 11, 14, 21, 72, 78, 79, 85, 92, 94, 99, 100, 103, 106, 107, 108, 118, 127, 128, 134, 135, 138, 146, 147, 148, 149, 152, 163, 171, 173, 181, 188, 194, 197, 198, 199, 204, 211, 212, 215, 216, 217, 227, 232, 235, 256, 262, 270, 271, 275, 278, 282, 288, 289, 292], "summary": {"covered_lines": 60, "num_statements": 70, "percent_covered": 85.71428571428571, "percent_covered_display": "86", "missing_lines": 10, "excluded_lines": 0}, "missing_lines": [136, 164, 168, 169, 244, 245, 257, 261, 264, 268], "excluded_lines": [], "functions": {"generate_report": {"executed_lines": [78, 79, 85, 92, 94, 99, 100, 103, 106, 107, 108, 118, 127, 128, 134, 135, 138, 146, 147, 148, 149], "summary": {"covered_lines": 21, "num_statements": 22, "percent_covered": 95.45454545454545, "percent_covered_display": "95", "missing_lines": 1, "excluded_lines": 0}, "missing_lines": [136], "excluded_lines": []}, "generate_report_stream": {"executed_lines": [163, 171, 173, 181, 188, 194, 197, 198, 199, 204, 211, 212, 215, 216, 217, 227, 232, 235, 256, 262, 270, 271, 275], "summary": {"covered_lines": 23, "num_statements": 32, "percent_covered": 71.875, "percent_covered_display": "72", "missing_lines": 9, "excluded_lines": 0}, "missing_lines": [164, 168, 169, 244, 245, 257, 261, 264, 268], "excluded_lines": []}, "is_uk_query": {"executed_lines": [282, 288, 289], "summary": {"covered_lines": 3, "num_statements": 3, "percent_covered": 100.0, "percent_covered_display": "100", "missing_lines": 0, "excluded_lines": 0}, "missing_lines": [], "excluded_lines": []}, "": {"executed_lines": [1, 5, 6, 7, 8, 9, 10, 11, 14, 21, 72, 152, 278, 292], "summary": {"covered_lines": 13, "num_statements": 13, "percent_covered": 100.0, "percent_covered_display": "100", "missing_lines": 0, "excluded_lines": 0}, "missing_lines": [], "excluded_lines": []}}, "classes": {"": {"executed_lines": [1, 5, 6, 7, 8, 9, 10, 11, 14, 21, 72, 78, 79, 85, 92, 94, 99, 100, 103, 106, 107, 108, 118, 127, 128, 134, 135, 138, 146, 147, 148, 149, 152, 163, 171, 173, 181, 188, 194, 197, 198, 199, 204, 211, 212, 215, 216, 217, 227, 232, 235, 256, 262, 270, 271, 275, 278, 282, 288, 289, 292], "summary": {"covered_lines": 60, "num_statements": 70, "percent_covered": 85.71428571428571, "percent_covered_display": "86", "missing_lines": 10, "excluded_lines": 0}, "missing_lines": [136, 164, 168, 169, 244, 245, 257, 261, 264, 268], "excluded_lines": []}}}, "src/api/services/auth_service.py": {"executed_lines": [1, 4, 5, 6, 7, 8, 10, 13, 21, 23, 30, 35, 36, 37, 39, 41, 42, 43, 44, 47, 54, 57, 61, 62, 63], "summary": {"covered_lines": 24, "num_statements": 24, "percent_covered": 100.0, "percent_covered_display": "100", "missing_lines": 0, "excluded_lines": 0}, "missing_lines": [], "excluded_lines": [], "functions": {"verify_clerk_token": {"executed_lines": [21, 23, 30, 35, 36, 37, 39, 41, 42, 43, 44], "summary": {"covered_lines": 11, "num_statements": 11, "percent_covered": 100.0, "percent_covered_display": "100", "missing_lines": 0, "excluded_lines": 0}, "missing_lines": [], "excluded_lines": []}, "get_current_user_id": {"executed_lines": [54], "summary": {"covered_lines": 1, "num_statements": 1, "percent_covered": 100.0, "percent_covered_display": "100", "missing_lines": 0, "excluded_lines": 0}, "missing_lines": [], "excluded_lines": []}, "validate_cron_secret": {"executed_lines": [61, 62, 63], "summary": {"covered_lines": 3, "num_statements": 3, "percent_covered": 100.0, "percent_covered_display": "100", "missing_lines": 0, "excluded_lines": 0}, "missing_lines": [], "excluded_lines": []}, "": {"executed_lines": [1, 4, 5, 6, 7, 8, 10, 13, 47, 57], "summary": {"covered_lines": 9, "num_statements": 9, "percent_covered": 100.0, "percent_covered_display": "100", "missing_lines": 0, "excluded_lines": 0}, "missing_lines": [], "excluded_lines": []}}, "classes": {"": {"executed_lines": [1, 4, 5, 6, 7, 8, 10, 13, 21, 23, 30, 35, 36, 37, 39, 41, 42, 43, 44, 47, 54, 57, 61, 62, 63], "summary": {"covered_lines": 24, "num_statements": 24, "percent_covered": 100.0, "percent_covered_display": "100", "missing_lines": 0, "excluded_lines": 0}, "missing_lines": [], "excluded_lines": []}}}, "src/api/services/payment_service.py": {"executed_lines": [1, 5, 6, 7, 8, 9, 10, 13, 16, 25, 27, 39, 40, 49, 51, 58, 59, 62, 70, 72, 77, 78, 80, 81, 83, 90, 91, 92, 95, 99, 101, 108, 109, 110, 113, 118, 119, 122, 123, 124, 125, 126], "summary": {"covered_lines": 41, "num_statements": 41, "percent_covered": 100.0, "percent_covered_display": "100", "missing_lines": 0, "excluded_lines": 0}, "missing_lines": [], "excluded_lines": [], "functions": {"create_checkout_session": {"executed_lines": [25, 27, 39, 40, 49, 51, 58, 59], "summary": {"covered_lines": 8, "num_statements": 8, "percent_covered": 100.0, "percent_covered_display": "100", "missing_lines": 0, "excluded_lines": 0}, "missing_lines": [], "excluded_lines": []}, "update_payment_status": {"executed_lines": [70, 72, 77, 78, 80, 81, 83, 90, 91, 92], "summary": {"covered_lines": 10, "num_statements": 10, "percent_covered": 100.0, "percent_covered_display": "100", "missing_lines": 0, "excluded_lines": 0}, "missing_lines": [], "excluded_lines": []}, "get_payment_by_intent_id": {"executed_lines": [99, 101, 108, 109, 110], "summary": {"covered_lines": 5, "num_statements": 5, "percent_covered": 100.0, "percent_covered_display": "100", "missing_lines": 0, "excluded_lines": 0}, "missing_lines": [], "excluded_lines": []}, "verify_webhook_signature": {"executed_lines": [118, 119, 122, 123, 124, 125, 126], "summary": {"covered_lines": 7, "num_statements": 7, "percent_covered": 100.0, "percent_covered_display": "100", "missing_lines": 0, "excluded_lines": 0}, "missing_lines": [], "excluded_lines": []}, "": {"executed_lines": [1, 5, 6, 7, 8, 9, 10, 13, 16, 62, 95, 113], "summary": {"covered_lines": 11, "num_statements": 11, "percent_covered": 100.0, "percent_covered_display": "100", "missing_lines": 0, "excluded_lines": 0}, "missing_lines": [], "excluded_lines": []}}, "classes": {"": {"executed_lines": [1, 5, 6, 7, 8, 9, 10, 13, 16, 25, 27, 39, 40, 49, 51, 58, 59, 62, 70, 72, 77, 78, 80, 81, 83, 90, 91, 92, 95, 99, 101, 108, 109, 110, 113, 118, 119, 122, 123, 124, 125, 126], "summary": {"covered_lines": 41, "num_statements": 41, "percent_covered": 100.0, "percent_covered_display": "100", "missing_lines": 0, "excluded_lines": 0}, "missing_lines": [], "excluded_lines": []}}}, "src/api/services/report_service.py": {"executed_lines": [1, 5, 6, 7, 8, 9, 10, 17, 20, 25, 27, 28, 30, 38, 40, 47, 52, 54, 56, 63, 64, 66, 67, 70, 76, 79, 85, 87, 93, 96, 100, 102, 111, 112, 113, 116, 120, 122, 132, 135, 156, 160, 162, 173], "summary": {"covered_lines": 43, "num_statements": 48, "percent_covered": 89.58333333333333, "percent_covered_display": "90", "missing_lines": 5, "excluded_lines": 0}, "missing_lines": [143, 145, 150, 151, 153], "excluded_lines": [], "functions": {"create_report": {"executed_lines": [25, 27, 28, 30, 38, 40], "summary": {"covered_lines": 6, "num_statements": 6, "percent_covered": 100.0, "percent_covered_display": "100", "missing_lines": 0, "excluded_lines": 0}, "missing_lines": [], "excluded_lines": []}, "trigger_report_generation": {"executed_lines": [52, 54, 56, 63, 64, 66, 67, 70, 76, 79, 85, 87, 93], "summary": {"covered_lines": 13, "num_statements": 13, "percent_covered": 100.0, "percent_covered_display": "100", "missing_lines": 0, "excluded_lines": 0}, "missing_lines": [], "excluded_lines": []}, "get_report": {"executed_lines": [100, 102, 111, 112, 113], "summary": {"covered_lines": 5, "num_statements": 5, "percent_covered": 100.0, "percent_covered_display": "100", "missing_lines": 0, "excluded_lines": 0}, "missing_lines": [], "excluded_lines": []}, "list_user_reports": {"executed_lines": [120, 122, 132], "summary": {"covered_lines": 3, "num_statements": 3, "percent_covered": 100.0, "percent_covered_display": "100", "missing_lines": 0, "excluded_lines": 0}, "missing_lines": [], "excluded_lines": []}, "update_report_status": {"executed_lines": [], "summary": {"covered_lines": 0, "num_statements": 5, "percent_covered": 0.0, "percent_covered_display": "0", "missing_lines": 5, "excluded_lines": 0}, "missing_lines": [143, 145, 150, 151, 153], "excluded_lines": []}, "soft_delete_report": {"executed_lines": [160, 162, 173], "summary": {"covered_lines": 3, "num_statements": 3, "percent_covered": 100.0, "percent_covered_display": "100", "missing_lines": 0, "excluded_lines": 0}, "missing_lines": [], "excluded_lines": []}, "": {"executed_lines": [1, 5, 6, 7, 8, 9, 10, 17, 20, 47, 96, 116, 135, 156], "summary": {"covered_lines": 13, "num_statements": 13, "percent_covered": 100.0, "percent_covered_display": "100", "missing_lines": 0, "excluded_lines": 0}, "missing_lines": [], "excluded_lines": []}}, "classes": {"": {"executed_lines": [1, 5, 6, 7, 8, 9, 10, 17, 20, 25, 27, 28, 30, 38, 40, 47, 52, 54, 56, 63, 64, 66, 67, 70, 76, 79, 85, 87, 93, 96, 100, 102, 111, 112, 113, 116, 120, 122, 132, 135, 156, 160, 162, 173], "summary": {"covered_lines": 43, "num_statements": 48, "percent_covered": 89.58333333333333, "percent_covered_display": "90", "missing_lines": 5, "excluded_lines": 0}, "missing_lines": [143, 145, 150, 151, 153], "excluded_lines": []}}}, "src/config.py": {"executed_lines": [1, 5, 6, 7, 8, 11, 12, 15, 16, 17, 18, 21, 24, 25, 26, 27, 30, 31, 34, 35, 36, 37, 38, 41, 44, 47, 48, 49, 51, 52, 53, 55, 56, 59, 60, 61, 65], "summary": {"covered_lines": 35, "num_statements": 36, "percent_covered": 97.22222222222223, "percent_covered_display": "97", "missing_lines": 1, "excluded_lines": 0}, "missing_lines": [57], "excluded_lines": [], "functions": {"Settings.parse_allowed_origins": {"executed_lines": [55, 56], "summary": {"covered_lines": 2, "num_statements": 3, "percent_covered": 66.66666666666667, "percent_covered_display": "67", "missing_lines": 1, "excluded_lines": 0}, "missing_lines": [57], "excluded_lines": []}, "": {"executed_lines": [1, 5, 6, 7, 8, 11, 12, 15, 16, 17, 18, 21, 24, 25, 26, 27, 30, 31, 34, 35, 36, 37, 38, 41, 44, 47, 48, 49, 51, 52, 53, 59, 60, 61, 65], "summary": {"covered_lines": 33, "num_statements": 33, "percent_covered": 100.0, "percent_covered_display": "100", "missing_lines": 0, "excluded_lines": 0}, "missing_lines": [], "excluded_lines": []}}, "classes": {"Settings": {"executed_lines": [55, 56], "summary": {"covered_lines": 2, "num_statements": 3, "percent_covered": 66.66666666666667, "percent_covered_display": "67", "missing_lines": 1, "excluded_lines": 0}, "missing_lines": [57], "excluded_lines": []}, "Settings.Config": {"executed_lines": [], "summary": {"covered_lines": 0, "num_statements": 0, "percent_covered": 100.0, "percent_covered_display": "100", "missing_lines": 0, "excluded_lines": 0}, "missing_lines": [], "excluded_lines": []}, "": {"executed_lines": [1, 5, 6, 7, 8, 11, 12, 15, 16, 17, 18, 21, 24, 25, 26, 27, 30, 31, 34, 35, 36, 37, 38, 41, 44, 47, 48, 49, 51, 52, 53, 59, 60, 61, 65], "summary": {"covered_lines": 33, "num_statements": 33, "percent_covered": 100.0, "percent_covered_display": "100", "missing_lines": 0, "excluded_lines": 0}, "missing_lines": [], "excluded_lines": []}}}, "src/lib/__init__.py": {"executed_lines": [1], "summary": {"covered_lines": 0, "num_statements": 0, "percent_covered": 100.0, "percent_covered_display": "100", "missing_lines": 0, "excluded_lines": 0}, "missing_lines": [], "excluded_lines": [], "functions": {"": {"executed_lines": [1], "summary": {"covered_lines": 0, "num_statements": 0, "percent_covered": 100.0, "percent_covered_display": "100", "missing_lines": 0, "excluded_lines": 0}, "missing_lines": [], "excluded_lines": []}}, "classes": {"": {"executed_lines": [1], "summary": {"covered_lines": 0, "num_statements": 0, "percent_covered": 100.0, "percent_covered_display": "100", "missing_lines": 0, "excluded_lines": 0}, "missing_lines": [], "excluded_lines": []}}}, "src/lib/supabase.py": {"executed_lines": [1, 5, 6, 7, 10, 13, 20, 21, 26, 29], "summary": {"covered_lines": 9, "num_statements": 10, "percent_covered": 90.0, "percent_covered_display": "90", "missing_lines": 1, "excluded_lines": 0}, "missing_lines": [34], "excluded_lines": [], "functions": {"get_supabase": {"executed_lines": [20, 21, 26], "summary": {"covered_lines": 3, "num_statements": 3, "percent_covered": 100.0, "percent_covered_display": "100", "missing_lines": 0, "excluded_lines": 0}, "missing_lines": [], "excluded_lines": []}, "get_supabase_anon": {"executed_lines": [], "summary": {"covered_lines": 0, "num_statements": 1, "percent_covered": 0.0, "percent_covered_display": "0", "missing_lines": 1, "excluded_lines": 0}, "missing_lines": [34], "excluded_lines": []}, "": {"executed_lines": [1, 5, 6, 7, 10, 13, 29], "summary": {"covered_lines": 6, "num_statements": 6, "percent_covered": 100.0, "percent_covered_display": "100", "missing_lines": 0, "excluded_lines": 0}, "missing_lines": [], "excluded_lines": []}}, "classes": {"": {"executed_lines": [1, 5, 6, 7, 10, 13, 20, 21, 26, 29], "summary": {"covered_lines": 9, "num_statements": 10, "percent_covered": 90.0, "percent_covered_display": "90", "missing_lines": 1, "excluded_lines": 0}, "missing_lines": [34], "excluded_lines": []}}}, "src/main.py": {"executed_lines": [1, 4, 5, 6, 7, 8, 9, 10, 11, 15, 30, 33, 34, 40, 41, 43, 47, 57, 66, 67, 72, 75, 76, 83, 84, 86, 88, 90, 91, 92, 94, 95, 97, 98, 99, 100, 110, 112, 113, 114, 115, 118, 119, 121], "summary": {"covered_lines": 43, "num_statements": 43, "percent_covered": 100.0, "percent_covered_display": "100", "missing_lines": 0, "excluded_lines": 0}, "missing_lines": [], "excluded_lines": [], "functions": {"lifespan": {"executed_lines": [40, 41, 43], "summary": {"covered_lines": 3, "num_statements": 3, "percent_covered": 100.0, "percent_covered_display": "100", "missing_lines": 0, "excluded_lines": 0}, "missing_lines": [], "excluded_lines": []}, "request_middleware": {"executed_lines": [72, 75, 76, 83, 84, 86, 88, 90, 91, 92, 94, 95, 97, 98, 99, 100], "summary": {"covered_lines": 16, "num_statements": 16, "percent_covered": 100.0, "percent_covered_display": "100", "missing_lines": 0, "excluded_lines": 0}, "missing_lines": [], "excluded_lines": []}, "root": {"executed_lines": [121], "summary": {"covered_lines": 1, "num_statements": 1, "percent_covered": 100.0, "percent_covered_display": "100", "missing_lines": 0, "excluded_lines": 0}, "missing_lines": [], "excluded_lines": []}, "": {"executed_lines": [1, 4, 5, 6, 7, 8, 9, 10, 11, 15, 30, 33, 34, 47, 57, 66, 67, 110, 112, 113, 114, 115, 118, 119], "summary": {"covered_lines": 23, "num_statements": 23, "percent_covered": 100.0, "percent_covered_display": "100", "missing_lines": 0, "excluded_lines": 0}, "missing_lines": [], "excluded_lines": []}}, "classes": {"": {"executed_lines": [1, 4, 5, 6, 7, 8, 9, 10, 11, 15, 30, 33, 34, 40, 41, 43, 47, 57, 66, 67, 72, 75, 76, 83, 84, 86, 88, 90, 91, 92, 94, 95, 97, 98, 99, 100, 110, 112, 113, 114, 115, 118, 119, 121], "summary": {"covered_lines": 43, "num_statements": 43, "percent_covered": 100.0, "percent_covered_display": "100", "missing_lines": 0, "excluded_lines": 0}, "missing_lines": [], "excluded_lines": []}}}}, "totals": {"covered_lines": 440, "num_statements": 563, "percent_covered": 78.15275310834814, "percent_covered_display": "78", "missing_lines": 123, "excluded_lines": 0}}